0 info it worked if it ends with ok
1 verbose cli [ 'C:\\Program Files\\nodejs\\node.exe',
1 verbose cli   'C:\\Program Files\\nodejs\\node_modules\\npm\\bin\\npm-cli.js',
1 verbose cli   'start' ]
2 info using npm@3.6.0
3 info using node@v5.7.0
4 verbose run-script [ 'prestart', 'start', 'poststart' ]
5 info lifecycle roxana-map-react@0.0.1~prestart: roxana-map-react@0.0.1
6 silly lifecycle roxana-map-react@0.0.1~prestart: no script for prestart, continuing
7 info lifecycle roxana-map-react@0.0.1~start: roxana-map-react@0.0.1
8 verbose lifecycle roxana-map-react@0.0.1~start: unsafe-perm in lifecycle true
9 verbose lifecycle roxana-map-react@0.0.1~start: PATH: C:\Program Files\nodejs\node_modules\npm\bin\node-gyp-bin;C:\Users\debal\workspace\roxana-map-react\node_modules\.bin;C:\ProgramData\Oracle\Java\javapath;C:\Program Files\Haskell\bin;C:\Program Files\Haskell Platform\7.10.2-a\lib\extralibs\bin;C:\Program Files\Haskell Platform\7.10.2-a\bin;C:\Windows\system32;C:\Windows;C:\Windows\System32\Wbem;C:\Windows\System32\WindowsPowerShell\v1.0\;C:\Program Files (x86)\NVIDIA Corporation\PhysX\Common;C:\Program Files (x86)\Git\cmd;C:\Program Files (x86)\sbt\\bin;C:\Program Files\Microsoft SQL Server\120\Tools\Binn\;C:\Program Files (x86)\Heroku\bin;C:\Program Files (x86)\git\cmd;C:\Program Files\Microsoft SQL Server\110\Tools\Binn\;C:\WINDOWS\system32;C:\WINDOWS;C:\WINDOWS\System32\Wbem;C:\WINDOWS\System32\WindowsPowerShell\v1.0\;C:\Program Files (x86)\Microsoft SQL Server\Client SDK\ODBC\110\Tools\Binn\;C:\Program Files (x86)\Microsoft SQL Server\130\Tools\Binn\ManagementStudio\;C:\Program Files (x86)\Microsoft SQL Server\130\Tools\Binn\;C:\Program Files (x86)\Microsoft SQL Server\130\DTS\Binn\;C:\Program Files\Haskell Platform\7.10.2-a\mingw\bin;C:\Program Files\cURL\bin;C:\Program Files\Java\jdk1.8.0_60\bin\;C:\Program Files (x86)\apache-maven-3.3.3\bin;C:\WINDOWS\system32\config\systemprofile\.dnx\bin;C:\Program Files\Microsoft DNX\Dnvm\;C:\Program Files (x86)\Skype\Phone\;C:\Program Files\nodejs\;C:\Users\debal\AppData\Roaming\cabal\bin;C:\hadoop\bin;C:\Program Files\Java\jdk1.8.0_60\bin;C:\Users\debal\AppData\Roaming\npm
10 verbose lifecycle roxana-map-react@0.0.1~start: CWD: C:\Users\debal\workspace\roxana-map-react
11 silly lifecycle roxana-map-react@0.0.1~start: Args: [ '/d /s /c', 'npm run build-dev | npm run build-min' ]
12 silly lifecycle roxana-map-react@0.0.1~start: Returned: code: 0  signal: null
13 info lifecycle roxana-map-react@0.0.1~poststart: roxana-map-react@0.0.1
14 verbose lifecycle roxana-map-react@0.0.1~poststart: unsafe-perm in lifecycle true
15 verbose lifecycle roxana-map-react@0.0.1~poststart: PATH: C:\Program Files\nodejs\node_modules\npm\bin\node-gyp-bin;C:\Users\debal\workspace\roxana-map-react\node_modules\.bin;C:\ProgramData\Oracle\Java\javapath;C:\Program Files\Haskell\bin;C:\Program Files\Haskell Platform\7.10.2-a\lib\extralibs\bin;C:\Program Files\Haskell Platform\7.10.2-a\bin;C:\Windows\system32;C:\Windows;C:\Windows\System32\Wbem;C:\Windows\System32\WindowsPowerShell\v1.0\;C:\Program Files (x86)\NVIDIA Corporation\PhysX\Common;C:\Program Files (x86)\Git\cmd;C:\Program Files (x86)\sbt\\bin;C:\Program Files\Microsoft SQL Server\120\Tools\Binn\;C:\Program Files (x86)\Heroku\bin;C:\Program Files (x86)\git\cmd;C:\Program Files\Microsoft SQL Server\110\Tools\Binn\;C:\WINDOWS\system32;C:\WINDOWS;C:\WINDOWS\System32\Wbem;C:\WINDOWS\System32\WindowsPowerShell\v1.0\;C:\Program Files (x86)\Microsoft SQL Server\Client SDK\ODBC\110\Tools\Binn\;C:\Program Files (x86)\Microsoft SQL Server\130\Tools\Binn\ManagementStudio\;C:\Program Files (x86)\Microsoft SQL Server\130\Tools\Binn\;C:\Program Files (x86)\Microsoft SQL Server\130\DTS\Binn\;C:\Program Files\Haskell Platform\7.10.2-a\mingw\bin;C:\Program Files\cURL\bin;C:\Program Files\Java\jdk1.8.0_60\bin\;C:\Program Files (x86)\apache-maven-3.3.3\bin;C:\WINDOWS\system32\config\systemprofile\.dnx\bin;C:\Program Files\Microsoft DNX\Dnvm\;C:\Program Files (x86)\Skype\Phone\;C:\Program Files\nodejs\;C:\Users\debal\AppData\Roaming\cabal\bin;C:\hadoop\bin;C:\Program Files\Java\jdk1.8.0_60\bin;C:\Users\debal\AppData\Roaming\npm
16 verbose lifecycle roxana-map-react@0.0.1~poststart: CWD: C:\Users\debal\workspace\roxana-map-react
17 silly lifecycle roxana-map-react@0.0.1~poststart: Args: [ '/d /s /c', 'http-server -a 127.0.0.1 -p 8100 -o' ]
18 silly lifecycle roxana-map-react@0.0.1~poststart: Returned: code: 1  signal: null
19 info lifecycle roxana-map-react@0.0.1~poststart: Failed to exec poststart script
20 verbose stack Error: roxana-map-react@0.0.1 poststart: `http-server -a 127.0.0.1 -p 8100 -o`
20 verbose stack Exit status 1
20 verbose stack     at EventEmitter.<anonymous> (C:\Program Files\nodejs\node_modules\npm\lib\utils\lifecycle.js:232:16)
20 verbose stack     at emitTwo (events.js:100:13)
20 verbose stack     at EventEmitter.emit (events.js:185:7)
20 verbose stack     at ChildProcess.<anonymous> (C:\Program Files\nodejs\node_modules\npm\lib\utils\spawn.js:24:14)
20 verbose stack     at emitTwo (events.js:100:13)
20 verbose stack     at ChildProcess.emit (events.js:185:7)
20 verbose stack     at maybeClose (internal/child_process.js:827:16)
20 verbose stack     at Process.ChildProcess._handle.onexit (internal/child_process.js:211:5)
21 verbose pkgid roxana-map-react@0.0.1
22 verbose cwd C:\Users\debal\workspace\roxana-map-react
23 error Windows_NT 10.0.10586
24 error argv "C:\\Program Files\\nodejs\\node.exe" "C:\\Program Files\\nodejs\\node_modules\\npm\\bin\\npm-cli.js" "start"
25 error node v5.7.0
26 error npm  v3.6.0
27 error code ELIFECYCLE
28 error roxana-map-react@0.0.1 poststart: `http-server -a 127.0.0.1 -p 8100 -o`
28 error Exit status 1
29 error Failed at the roxana-map-react@0.0.1 poststart script 'http-server -a 127.0.0.1 -p 8100 -o'.
29 error Make sure you have the latest version of node.js and npm installed.
29 error If you do, this is most likely a problem with the roxana-map-react package,
29 error not with npm itself.
29 error Tell the author that this fails on your system:
29 error     http-server -a 127.0.0.1 -p 8100 -o
29 error You can get information on how to open an issue for this project with:
29 error     npm bugs roxana-map-react
29 error Or if that isn't available, you can get their info via:
29 error     npm owner ls roxana-map-react
29 error There is likely additional logging output above.
30 verbose exit [ 1, true ]
